<?xml version="1.0" encoding="UTF-8"?>
<!-- Generated by org.testng.reporters.JUnitReportReporter -->
<testsuite hostname="DESKTOP-H8F61B1" failures="0" tests="1" name="com.crm.qa.testCases.SignInpageTest" time="10.189" errors="0" timestamp="16 Jan 2022 19:31:00 GMT">
  <testcase classname="com.crm.qa.testCases.SignInpageTest" name="verifyFirstLogin" time="10.189"/>
</testsuite> <!-- com.crm.qa.testCases.SignInpageTest -->
